
Admin::UsersController
  GET #index
[32m    ãƒ¦ãƒ¼ã‚¶ãƒ¼ä¸€è¦§ã‚’è¡¨ç¤ºã™ã‚‹ã“ã¨[0m
[32m    indexãƒ†ãƒ³ãƒ—ãƒ¬ãƒ¼ãƒˆã‚’è¡¨ç¤ºã™ã‚‹ã“ã¨[0m
[32m    ãƒ¦ãƒ¼ã‚¶ãƒ¼ã‚’å‰²ã‚Šå½“ã¦ã‚‹ã“ã¨[0m
  GET #show
[32m    ãƒ¦ãƒ¼ã‚¶ãƒ¼ã‚’è¡¨ç¤ºã™ã‚‹ã“ã¨[0m
[32m    showãƒ†ãƒ³ãƒ—ãƒ¬ãƒ¼ãƒˆã‚’è¡¨ç¤ºã™ã‚‹ã“ã¨[0m
[32m    @userã‚’å‰²ã‚Šå½“ã¦ã‚‹ã“ã¨[0m
[31m    ãƒ¦ãƒ¼ã‚¶ãƒ¼ãŒè¦‹ã¤ã‹ã‚‰ãªã„å ´åˆã€ãƒ«ãƒ¼ãƒˆãƒ‘ã‚¹ã«ãƒªãƒ€ã‚¤ãƒ¬ã‚¯ãƒˆã™ã‚‹ã“ã¨ (FAILED - 1)[0m
  GET #edit
[32m    ãƒ¦ãƒ¼ã‚¶ãƒ¼ã‚’ç·¨é›†ã™ã‚‹ã“ã¨[0m
[32m    editãƒ†ãƒ³ãƒ—ãƒ¬ãƒ¼ãƒˆã‚’è¡¨ç¤ºã™ã‚‹ã“ã¨[0m
[32m    @userã‚’å‰²ã‚Šå½“ã¦ã‚‹ã“ã¨[0m
  PATCH #update
    æœ‰åŠ¹ãªå±æ€§ã§æ›´æ–°ã™ã‚‹å ´åˆ
[31m      ãƒ¦ãƒ¼ã‚¶ãƒ¼ã‚’æ›´æ–°ã™ã‚‹ã“ã¨ (FAILED - 2)[0m
[31m      ãƒã‚¤ãƒšãƒ¼ã‚¸ã«ãƒªãƒ€ã‚¤ãƒ¬ã‚¯ãƒˆã™ã‚‹ã“ã¨ (FAILED - 3)[0m
    ç„¡åŠ¹ãªå±æ€§ã§æ›´æ–°ã™ã‚‹å ´åˆ
[32m      ãƒ¦ãƒ¼ã‚¶ãƒ¼ã‚’æ›´æ–°ã—ãªã„ã“ã¨[0m
[31m      editãƒ†ãƒ³ãƒ—ãƒ¬ãƒ¼ãƒˆã‚’è¡¨ç¤ºã™ã‚‹ã“ã¨ (FAILED - 4)[0m
  POST #withdraw
[31m    ãƒ¦ãƒ¼ã‚¶ãƒ¼ã‚’ç„¡åŠ¹åŒ–ã™ã‚‹ã“ã¨ (FAILED - 5)[0m
[31m    ã‚»ãƒƒã‚·ãƒ§ãƒ³ã‚’ãƒªã‚»ãƒƒãƒˆã™ã‚‹ã“ã¨ (FAILED - 6)[0m
[31m    ãƒ«ãƒ¼ãƒˆãƒ‘ã‚¹ã«ãƒªãƒ€ã‚¤ãƒ¬ã‚¯ãƒˆã™ã‚‹ã“ã¨ (FAILED - 7)[0m

Public::PlantDiariesController
  GET #new
[32m    æ–°è¦æŠ•ç¨¿ãƒšãƒ¼ã‚¸ã«ã‚¢ã‚¯ã‚»ã‚¹ã§ãã‚‹ã“ã¨[0m
[32m    æ–°è¦æŠ•ç¨¿ãƒšãƒ¼ã‚¸ãŒè¡¨ç¤ºã•ã‚Œã‚‹ã“ã¨[0m
  GET #index
[32m    ä¸€è¦§ãƒšãƒ¼ã‚¸ã«ã‚¢ã‚¯ã‚»ã‚¹ã§ãã‚‹ã“ã¨[0m
  GET #show
[32m    è©³ç´°ãƒšãƒ¼ã‚¸ã«ã‚¢ã‚¯ã‚»ã‚¹ã§ãã‚‹ã“ã¨[0m
[32m    è©³ç´°ãƒšãƒ¼ã‚¸ãŒè¡¨ç¤ºã•ã‚Œã‚‹ã“ã¨[0m
  POST #create
    æ­£ã—ã„å±æ€§å€¤ãŒä¸ãˆã‚‰ã‚ŒãŸå ´åˆ
[32m      æ–°ã—ã„æ¤ç‰©æ—¥è¨˜ãŒä½œæˆã•ã‚Œã‚‹ã“ã¨[0m
[32m      æ¤ç‰©æ—¥è¨˜ã®ãƒšãƒ¼ã‚¸ã«ãƒªãƒ€ã‚¤ãƒ¬ã‚¯ãƒˆã•ã‚Œã‚‹ã“ã¨[0m
    ä¸æ­£ãªå±æ€§å€¤ãŒä¸ãˆã‚‰ã‚ŒãŸå ´åˆ
[32m      æ–°ã—ã„æ¤ç‰©æ—¥è¨˜ãŒä½œæˆã•ã‚Œãªã„ã“ã¨[0m
[32m      æ–°è¦æŠ•ç¨¿ãƒšãƒ¼ã‚¸ãŒè¡¨ç¤ºã•ã‚Œã‚‹ã“ã¨[0m
  PATCH #update
    æ­£ã—ã„å±æ€§å€¤ãŒä¸ãˆã‚‰ã‚ŒãŸå ´åˆ
[32m      æ¤ç‰©æ—¥è¨˜ãŒæ›´æ–°ã•ã‚Œã‚‹ã“ã¨[0m
[32m      æ¤ç‰©æ—¥è¨˜ã®ãƒšãƒ¼ã‚¸ã«ãƒªãƒ€ã‚¤ãƒ¬ã‚¯ãƒˆã•ã‚Œã‚‹ã“ã¨[0m
    ä¸æ­£ãªå±æ€§å€¤ãŒä¸ãˆã‚‰ã‚ŒãŸå ´åˆ
[32m      æ¤ç‰©æ—¥è¨˜ãŒæ›´æ–°ã•ã‚Œãªã„ã“ã¨[0m
[32m      ç·¨é›†ãƒšãƒ¼ã‚¸ãŒè¡¨ç¤ºã•ã‚Œã‚‹ã“ã¨[0m
  DELETE #destroy
[32m    æ¤ç‰©æ—¥è¨˜ãŒå‰Šé™¤ã•ã‚Œã‚‹ã“ã¨[0m
[32m    ãƒã‚¤ãƒšãƒ¼ã‚¸ã«ãƒªãƒ€ã‚¤ãƒ¬ã‚¯ãƒˆã•ã‚Œã‚‹ã“ã¨[0m

Public::UsersController
  GET #mypage
[32m    ãƒã‚¤ãƒšãƒ¼ã‚¸ã«ã‚¢ã‚¯ã‚»ã‚¹ã§ãã‚‹ã“ã¨[0m
[32m    ãƒã‚¤ãƒšãƒ¼ã‚¸ãŒè¡¨ç¤ºã•ã‚Œã‚‹ã“ã¨[0m
  GET #edit
[32m    ç·¨é›†ãƒšãƒ¼ã‚¸ã«ã‚¢ã‚¯ã‚»ã‚¹ã§ãã‚‹ã“ã¨[0m
[32m    ç·¨é›†ãƒšãƒ¼ã‚¸ãŒè¡¨ç¤ºã•ã‚Œã‚‹ã“ã¨[0m
  PATCH #update
    æ­£ã—ã„å±æ€§å€¤ãŒä¸ãˆã‚‰ã‚ŒãŸå ´åˆ
[32m      ãƒ¦ãƒ¼ã‚¶ãƒ¼æƒ…å ±ãŒæ›´æ–°ã•ã‚Œã‚‹ã“ã¨[0m
[32m      ãƒã‚¤ãƒšãƒ¼ã‚¸ã«ãƒªãƒ€ã‚¤ãƒ¬ã‚¯ãƒˆã•ã‚Œã‚‹ã“ã¨[0m
    ä¸æ­£ãªå±æ€§å€¤ãŒä¸ãˆã‚‰ã‚ŒãŸå ´åˆ
[32m      ãƒ¦ãƒ¼ã‚¶ãƒ¼æƒ…å ±ãŒæ›´æ–°ã•ã‚Œãªã„ã“ã¨[0m
[32m      ç·¨é›†ãƒšãƒ¼ã‚¸ãŒè¡¨ç¤ºã•ã‚Œã‚‹ã“ã¨[0m
  POST #withdraw
[32m    ãƒ¦ãƒ¼ã‚¶ãƒ¼ãŒéã‚¢ã‚¯ãƒ†ã‚£ãƒ–åŒ–ã•ã‚Œã‚‹ã“ã¨[0m
[32m    ã‚»ãƒƒã‚·ãƒ§ãƒ³ãŒãƒªã‚»ãƒƒãƒˆã•ã‚Œã‚‹ã“ã¨[0m
[32m    ãƒ«ãƒ¼ãƒˆãƒ‘ã‚¹ã«ãƒªãƒ€ã‚¤ãƒ¬ã‚¯ãƒˆã•ã‚Œã‚‹ã“ã¨[0m
  GET #show
[32m    ãƒ¦ãƒ¼ã‚¶ãƒ¼ã®è©³ç´°ãƒšãƒ¼ã‚¸ã«ã‚¢ã‚¯ã‚»ã‚¹ã§ãã‚‹ã“ã¨[0m
[32m    ãƒ¦ãƒ¼ã‚¶ãƒ¼ã®è©³ç´°ãƒšãƒ¼ã‚¸ãŒè¡¨ç¤ºã•ã‚Œã‚‹ã“ã¨[0m

PlantDiary
  ãƒãƒªãƒ‡ãƒ¼ã‚·ãƒ§ãƒ³ã®ãƒ†ã‚¹ãƒˆ
[32m    ã‚¿ã‚¤ãƒˆãƒ«ã¨å†…å®¹ãŒã‚ã‚Œã°æœ‰åŠ¹ã§ã‚ã‚‹ã“ã¨[0m
[32m    ã‚¿ã‚¤ãƒˆãƒ«ãŒãªã„ã¨ç„¡åŠ¹ã§ã‚ã‚‹ã“ã¨[0m
[32m    å†…å®¹ãŒãªã„ã¨ç„¡åŠ¹ã§ã‚ã‚‹ã“ã¨[0m
  ãƒ¡ã‚½ãƒƒãƒ‰ã®ãƒ†ã‚¹ãƒˆ
[32m    ç”»åƒãŒãƒªã‚µã‚¤ã‚ºã•ã‚Œã‚‹ã“ã¨[0m
[32m    æ¤œç´¢ãŒæ­£ã—ãæ©Ÿèƒ½ã™ã‚‹ã“ã¨[0m

User
  ãƒãƒªãƒ‡ãƒ¼ã‚·ãƒ§ãƒ³ã®ãƒ†ã‚¹ãƒˆ
[32m    åå‰ã€ãƒ¡ãƒ¼ãƒ«ã€ãƒ‘ã‚¹ãƒ¯ãƒ¼ãƒ‰ãŒã‚ã‚Œã°æœ‰åŠ¹ã§ã‚ã‚‹ã“ã¨[0m
[32m    åå‰ãŒãªã„ã¨ç„¡åŠ¹ã§ã‚ã‚‹ã“ã¨[0m
[32m    åå‰ãŒ2æ–‡å­—æœªæº€ã§ã¯ç„¡åŠ¹ã§ã‚ã‚‹ã“ã¨[0m
[32m    åå‰ãŒ20æ–‡å­—ã‚’è¶…ãˆã‚‹ã¨ç„¡åŠ¹ã§ã‚ã‚‹ã“ã¨[0m
[32m    è‡ªå·±ç´¹ä»‹ãŒ50æ–‡å­—ã‚’è¶…ãˆã‚‹ã¨ç„¡åŠ¹ã§ã‚ã‚‹ã“ã¨[0m
[32m    ãƒ¡ãƒ¼ãƒ«ãŒé‡è¤‡ã—ã¦ã„ã‚‹ã¨ç„¡åŠ¹ã§ã‚ã‚‹ã“ã¨[0m
  ãƒ¡ã‚½ãƒƒãƒ‰ã®ãƒ†ã‚¹ãƒˆ
[32m    ã‚²ã‚¹ãƒˆãƒ¦ãƒ¼ã‚¶ãƒ¼ã‚’ä½œæˆã§ãã‚‹ã“ã¨[0m
[32m    ç”»åƒãŒãƒªã‚µã‚¤ã‚ºã•ã‚Œã‚‹ã“ã¨[0m
[32m    é€€ä¼šã—ãŸãƒ¦ãƒ¼ã‚¶ãƒ¼ãŒãƒ­ã‚°ã‚¤ãƒ³ã§ããªã„ã“ã¨[0m

Failures:

  1) Admin::UsersController GET #show ãƒ¦ãƒ¼ã‚¶ãƒ¼ãŒè¦‹ã¤ã‹ã‚‰ãªã„å ´åˆã€ãƒ«ãƒ¼ãƒˆãƒ‘ã‚¹ã«ãƒªãƒ€ã‚¤ãƒ¬ã‚¯ãƒˆã™ã‚‹ã“ã¨
     [31mFailure/Error: [0muser = [1;34;4mUser[0m.find(params[[33m:id[0m])[0m
     [31m[0m
     [31mActiveRecord::RecordNotFound:[0m
     [31m  Couldn't find User with 'id'=nonexistent-id[0m
     [36m# ./app/controllers/admin/users_controller.rb:47:in `active_only'[0m
     [36m# /home/ec2-user/.rvm/gems/ruby-3.1.2/gems/actiontext-6.1.7.7/lib/action_text/rendering.rb:20:in `with_renderer'[0m
     [36m# /home/ec2-user/.rvm/gems/ruby-3.1.2/gems/actiontext-6.1.7.7/lib/action_text/engine.rb:59:in `block (4 levels) in <class:Engine>'[0m
     [36m# /home/ec2-user/.rvm/gems/ruby-3.1.2/gems/rails-controller-testing-1.0.5/lib/rails/controller/testing/template_assertions.rb:62:in `process'[0m
     [36m# /home/ec2-user/.rvm/gems/ruby-3.1.2/gems/devise-4.9.4/lib/devise/test/controller_helpers.rb:35:in `block in process'[0m
     [36m# /home/ec2-user/.rvm/gems/ruby-3.1.2/gems/devise-4.9.4/lib/devise/test/controller_helpers.rb:104:in `catch'[0m
     [36m# /home/ec2-user/.rvm/gems/ruby-3.1.2/gems/devise-4.9.4/lib/devise/test/controller_helpers.rb:104:in `_catch_warden'[0m
     [36m# /home/ec2-user/.rvm/gems/ruby-3.1.2/gems/devise-4.9.4/lib/devise/test/controller_helpers.rb:35:in `process'[0m
     [36m# /home/ec2-user/.rvm/gems/ruby-3.1.2/gems/rails-controller-testing-1.0.5/lib/rails/controller/testing/integration.rb:16:in `block (2 levels) in <module:Integration>'[0m
     [36m# ./spec/controllers/admin/users_controller_spec.rb:48:in `block (3 levels) in <top (required)>'[0m

  2) Admin::UsersController PATCH #update æœ‰åŠ¹ãªå±æ€§ã§æ›´æ–°ã™ã‚‹å ´åˆ ãƒ¦ãƒ¼ã‚¶ãƒ¼ã‚’æ›´æ–°ã™ã‚‹ã“ã¨
     [31mFailure/Error: [0m[32mexpect[0m(user.name).to eq([31m[1;31m'[0m[31mUpdated Name[1;31m'[0m[31m[0m)[0m
     [31m[0m
     [31m  expected: "Updated Name"[0m
     [31m       got: "The Hon. Winford Yun"[0m
     [31m[0m
     [31m  (compared using ==)[0m
     [36m# ./spec/controllers/admin/users_controller_spec.rb:80:in `block (4 levels) in <top (required)>'[0m

  3) Admin::UsersController PATCH #update æœ‰åŠ¹ãªå±æ€§ã§æ›´æ–°ã™ã‚‹å ´åˆ ãƒã‚¤ãƒšãƒ¼ã‚¸ã«ãƒªãƒ€ã‚¤ãƒ¬ã‚¯ãƒˆã™ã‚‹ã“ã¨
     [31mFailure/Error: [0m[32mexpect[0m(response).to redirect_to(mypage_users_path)[0m
     [31m[0m
     [31m  Expected response to be a <3XX: redirect>, but was a <204: No Content>[0m
     [31m  Response body: [0m
     [36m# ./spec/controllers/admin/users_controller_spec.rb:85:in `block (4 levels) in <top (required)>'[0m

  4) Admin::UsersController PATCH #update ç„¡åŠ¹ãªå±æ€§ã§æ›´æ–°ã™ã‚‹å ´åˆ editãƒ†ãƒ³ãƒ—ãƒ¬ãƒ¼ãƒˆã‚’è¡¨ç¤ºã™ã‚‹ã“ã¨
     [31mFailure/Error: [0m[32mexpect[0m(response).to render_template([33m:edit[0m)[0m
     [31m  expecting <"edit"> but rendering with <[]>[0m
     [36m# ./spec/controllers/admin/users_controller_spec.rb:98:in `block (4 levels) in <top (required)>'[0m

  5) Admin::UsersController POST #withdraw ãƒ¦ãƒ¼ã‚¶ãƒ¼ã‚’ç„¡åŠ¹åŒ–ã™ã‚‹ã“ã¨
     [31mFailure/Error: [0mpost [33m:withdraw[0m, [35mparams[0m: { [35mid[0m: user.id }[0m
     [31m[0m
     [31mActionController::UrlGenerationError:[0m
     [31m  No route matches {:action=>"withdraw", :controller=>"admin/users", :id=>1}[0m
     [36m# /home/ec2-user/.rvm/gems/ruby-3.1.2/gems/rails-controller-testing-1.0.5/lib/rails/controller/testing/template_assertions.rb:62:in `process'[0m
     [36m# /home/ec2-user/.rvm/gems/ruby-3.1.2/gems/devise-4.9.4/lib/devise/test/controller_helpers.rb:35:in `block in process'[0m
     [36m# /home/ec2-user/.rvm/gems/ruby-3.1.2/gems/devise-4.9.4/lib/devise/test/controller_helpers.rb:104:in `catch'[0m
     [36m# /home/ec2-user/.rvm/gems/ruby-3.1.2/gems/devise-4.9.4/lib/devise/test/controller_helpers.rb:104:in `_catch_warden'[0m
     [36m# /home/ec2-user/.rvm/gems/ruby-3.1.2/gems/devise-4.9.4/lib/devise/test/controller_helpers.rb:35:in `process'[0m
     [36m# /home/ec2-user/.rvm/gems/ruby-3.1.2/gems/rails-controller-testing-1.0.5/lib/rails/controller/testing/integration.rb:16:in `block (2 levels) in <module:Integration>'[0m
     [36m# ./spec/controllers/admin/users_controller_spec.rb:107:in `block (3 levels) in <top (required)>'[0m

  6) Admin::UsersController POST #withdraw ã‚»ãƒƒã‚·ãƒ§ãƒ³ã‚’ãƒªã‚»ãƒƒãƒˆã™ã‚‹ã“ã¨
     [31mFailure/Error: [0mpost [33m:withdraw[0m, [35mparams[0m: { [35mid[0m: user.id }[0m
     [31m[0m
     [31mActionController::UrlGenerationError:[0m
     [31m  No route matches {:action=>"withdraw", :controller=>"admin/users", :id=>1}[0m
     [36m# /home/ec2-user/.rvm/gems/ruby-3.1.2/gems/rails-controller-testing-1.0.5/lib/rails/controller/testing/template_assertions.rb:62:in `process'[0m
     [36m# /home/ec2-user/.rvm/gems/ruby-3.1.2/gems/devise-4.9.4/lib/devise/test/controller_helpers.rb:35:in `block in process'[0m
     [36m# /home/ec2-user/.rvm/gems/ruby-3.1.2/gems/devise-4.9.4/lib/devise/test/controller_helpers.rb:104:in `catch'[0m
     [36m# /home/ec2-user/.rvm/gems/ruby-3.1.2/gems/devise-4.9.4/lib/devise/test/controller_helpers.rb:104:in `_catch_warden'[0m
     [36m# /home/ec2-user/.rvm/gems/ruby-3.1.2/gems/devise-4.9.4/lib/devise/test/controller_helpers.rb:35:in `process'[0m
     [36m# /home/ec2-user/.rvm/gems/ruby-3.1.2/gems/rails-controller-testing-1.0.5/lib/rails/controller/testing/integration.rb:16:in `block (2 levels) in <module:Integration>'[0m
     [36m# ./spec/controllers/admin/users_controller_spec.rb:114:in `block (3 levels) in <top (required)>'[0m

  7) Admin::UsersController POST #withdraw ãƒ«ãƒ¼ãƒˆãƒ‘ã‚¹ã«ãƒªãƒ€ã‚¤ãƒ¬ã‚¯ãƒˆã™ã‚‹ã“ã¨
     [31mFailure/Error: [0mpost [33m:withdraw[0m, [35mparams[0m: { [35mid[0m: user.id }[0m
     [31m[0m
     [31mActionController::UrlGenerationError:[0m
     [31m  No route matches {:action=>"withdraw", :controller=>"admin/users", :id=>1}[0m
     [36m# /home/ec2-user/.rvm/gems/ruby-3.1.2/gems/rails-controller-testing-1.0.5/lib/rails/controller/testing/template_assertions.rb:62:in `process'[0m
     [36m# /home/ec2-user/.rvm/gems/ruby-3.1.2/gems/devise-4.9.4/lib/devise/test/controller_helpers.rb:35:in `block in process'[0m
     [36m# /home/ec2-user/.rvm/gems/ruby-3.1.2/gems/devise-4.9.4/lib/devise/test/controller_helpers.rb:104:in `catch'[0m
     [36m# /home/ec2-user/.rvm/gems/ruby-3.1.2/gems/devise-4.9.4/lib/devise/test/controller_helpers.rb:104:in `_catch_warden'[0m
     [36m# /home/ec2-user/.rvm/gems/ruby-3.1.2/gems/devise-4.9.4/lib/devise/test/controller_helpers.rb:35:in `process'[0m
     [36m# /home/ec2-user/.rvm/gems/ruby-3.1.2/gems/rails-controller-testing-1.0.5/lib/rails/controller/testing/integration.rb:16:in `block (2 levels) in <module:Integration>'[0m
     [36m# ./spec/controllers/admin/users_controller_spec.rb:118:in `block (3 levels) in <top (required)>'[0m

Finished in 3.09 seconds (files took 3.49 seconds to load)
[31m59 examples, 7 failures[0m

Failed examples:

[31mrspec ./spec/controllers/admin/users_controller_spec.rb:47[0m [36m# Admin::UsersController GET #show ãƒ¦ãƒ¼ã‚¶ãƒ¼ãŒè¦‹ã¤ã‹ã‚‰ãªã„å ´åˆã€ãƒ«ãƒ¼ãƒˆãƒ‘ã‚¹ã«ãƒªãƒ€ã‚¤ãƒ¬ã‚¯ãƒˆã™ã‚‹ã“ã¨[0m
[31mrspec ./spec/controllers/admin/users_controller_spec.rb:77[0m [36m# Admin::UsersController PATCH #update æœ‰åŠ¹ãªå±æ€§ã§æ›´æ–°ã™ã‚‹å ´åˆ ãƒ¦ãƒ¼ã‚¶ãƒ¼ã‚’æ›´æ–°ã™ã‚‹ã“ã¨[0m
[31mrspec ./spec/controllers/admin/users_controller_spec.rb:83[0m [36m# Admin::UsersController PATCH #update æœ‰åŠ¹ãªå±æ€§ã§æ›´æ–°ã™ã‚‹å ´åˆ ãƒã‚¤ãƒšãƒ¼ã‚¸ã«ãƒªãƒ€ã‚¤ãƒ¬ã‚¯ãƒˆã™ã‚‹ã“ã¨[0m
[31mrspec ./spec/controllers/admin/users_controller_spec.rb:96[0m [36m# Admin::UsersController PATCH #update ç„¡åŠ¹ãªå±æ€§ã§æ›´æ–°ã™ã‚‹å ´åˆ editãƒ†ãƒ³ãƒ—ãƒ¬ãƒ¼ãƒˆã‚’è¡¨ç¤ºã™ã‚‹ã“ã¨[0m
[31mrspec ./spec/controllers/admin/users_controller_spec.rb:106[0m [36m# Admin::UsersController POST #withdraw ãƒ¦ãƒ¼ã‚¶ãƒ¼ã‚’ç„¡åŠ¹åŒ–ã™ã‚‹ã“ã¨[0m
[31mrspec ./spec/controllers/admin/users_controller_spec.rb:112[0m [36m# Admin::UsersController POST #withdraw ã‚»ãƒƒã‚·ãƒ§ãƒ³ã‚’ãƒªã‚»ãƒƒãƒˆã™ã‚‹ã“ã¨[0m
[31mrspec ./spec/controllers/admin/users_controller_spec.rb:117[0m [36m# Admin::UsersController POST #withdraw ãƒ«ãƒ¼ãƒˆãƒ‘ã‚¹ã«ãƒªãƒ€ã‚¤ãƒ¬ã‚¯ãƒˆã™ã‚‹ã“ã¨[0m

